
> ai-knowledge-companion@0.1.0 dev
> next dev

   ▲ Next.js 15.5.4
   - Local:        http://localhost:3000
   - Network:      http://192.168.1.12:3000
   - Environments: .env.local
   - Experiments (use with caution):
     · serverActions

 ✓ Starting...
 ✓ Ready in 2.2s
 ○ Compiling /_not-found ...
 ✓ Compiled /_not-found in 1430ms (562 modules)
 GET / 307 in 1654ms
 ○ Compiling /[locale] ...
 ✓ Compiled /[locale] in 2000ms (1387 modules)
(node:9735) [DEP0040] DeprecationWarning: The `punycode` module is deprecated. Please use a userland alternative instead.
(Use `node --trace-deprecation ...` to show where the warning was created)
 GET /en 200 in 2768ms
 ○ Compiling /api/contact/test ...
 ✓ Compiled /api/contact/test in 725ms (1426 modules)
🔍 [DEBUG] Verifying Gmail SMTP connection...
🔍 [DEBUG] Email Service Init:
  - GMAIL_USER: ✅ Set
  - GMAIL_APP_PASSWORD: ✅ Set (length: 16)
🔍 [DEBUG] Importing nodemailer...
🔍 [DEBUG] Creating Gmail SMTP transporter...
✅ Gmail SMTP configured successfully
📧 Email service ready: gianmarioiamoni1@gmail.com
🔍 [DEBUG] Transporter exists, calling verify()...
❌ Gmail SMTP verification failed: {
  code: 'EAUTH',
  response: '535-5.7.8 Username and password=[REDACTED] accepted. For more information, go to\n' +
    '535 5.7.8  https://support.google.com/mail/?p=BadCredentials 5b1f17b1804b1-4779527a656sm15708635e9.10 - gsmtp',
  responseCode: 535,
  command: 'AUTH PLAIN'
}
🔍 [DEBUG] Full verification error: [Error: Invalid login: 535-5.7.8 Username and Password not accepted. For more information, go to
535 5.7.8  https://support.google.com/mail/?p=BadCredentials 5b1f17b1804b1-4779527a656sm15708635e9.10 - gsmtp] {
  code: 'EAUTH',
  response: '535-5.7.8 Username and Password not accepted. For more information, go to\n' +
    '535 5.7.8  https://support.google.com/mail/?p=BadCredentials 5b1f17b1804b1-4779527a656sm15708635e9.10 - gsmtp',
  responseCode: 535,
  command: 'AUTH PLAIN'
}
🔍 [DEBUG] Error name: Error
🔍 [DEBUG] Error message: Invalid login: 535-5.7.8 Username and Password not accepted. For more information, go to
535 5.7.8  https://support.google.com/mail/?p=BadCredentials 5b1f17b1804b1-4779527a656sm15708635e9.10 - gsmtp
🔍 [DEBUG] Error stack: Error: Invalid login: 535-5.7.8 Username and Password not accepted. For more information, go to
535 5.7.8  https://support.google.com/mail/?p=BadCredentials 5b1f17b1804b1-4779527a656sm15708635e9.10 - gsmtp
    at SMTPConnection._formatError (webpack-internal:///(rsc)/./node_modules/.pnpm/nodemailer@7.0.10/node_modules/nodemailer/lib/smtp-connection/index.js:809:19)
    at SMTPConnection._actionAUTHComplete (webpack-internal:///(rsc)/./node_modules/.pnpm/nodemailer@7.0.10/node_modules/nodemailer/lib/smtp-connection/index.js:1595:34)
    at SMTPConnection.eval (webpack-internal:///(rsc)/./node_modules/.pnpm/nodemailer@7.0.10/node_modules/nodemailer/lib/smtp-connection/index.js:556:26)
    at SMTPConnection._processResponse (webpack-internal:///(rsc)/./node_modules/.pnpm/nodemailer@7.0.10/node_modules/nodemailer/lib/smtp-connection/index.js:993:20)
    at SMTPConnection._onData (webpack-internal:///(rsc)/./node_modules/.pnpm/nodemailer@7.0.10/node_modules/nodemailer/lib/smtp-connection/index.js:774:14)
    at SMTPConnection._onSocketData (webpack-internal:///(rsc)/./node_modules/.pnpm/nodemailer@7.0.10/node_modules/nodemailer/lib/smtp-connection/index.js:195:44)
    at TLSSocket.emit (node:events:507:28)
    at addChunk (node:internal/streams/readable:559:12)
    at readableAddChunkPushByteMode (node:internal/streams/readable:510:3)
    at Readable.push (node:internal/streams/readable:390:5)
    at TLSWrap.onStreamRead (node:internal/stream_base_commons:189:23)
    at TLSWrap.callbackTrampoline (node:internal/async_hooks:130:17)
 GET /api/contact/test 200 in 2521ms
   Reload env: .env.local
 ✓ Compiled in 2.4s (1386 modules)
 ○ Compiling /api/contact/test ...
 ✓ Compiled /api/contact/test in 855ms (891 modules)
🔍 [DEBUG] Verifying Gmail SMTP connection...
🔍 [DEBUG] Email Service Init:
  - GMAIL_USER: ✅ Set
  - GMAIL_APP_PASSWORD: ✅ Set (length: 16)
🔍 [DEBUG] Importing nodemailer...
🔍 [DEBUG] Creating Gmail SMTP transporter...
✅ Gmail SMTP configured successfully
📧 Email service ready: gianmarioiamoni1@gmail.com
🔍 [DEBUG] Transporter exists, calling verify()...
✅ Gmail SMTP connection verified
 GET /api/contact/test 200 in 1966ms
 ✓ Compiled /favicon.ico in 444ms (893 modules)
 GET /favicon.ico 200 in 515ms
 ✓ Compiled /_not-found in 145ms (894 modules)
 GET / 307 in 281ms
 GET /en 200 in 220ms
 ✓ Compiled /[locale]/contact in 476ms (1603 modules)
 GET /en/contact 200 in 916ms
 ✓ Compiled /manifest.webmanifest in 180ms (1607 modules)
 GET /manifest.webmanifest 200 in 254ms
 ✓ Compiled /api/contact in 425ms (1765 modules)
🔍 [DEBUG] Email Service Init:
  - GMAIL_USER: ✅ Set
  - GMAIL_APP_PASSWORD: ✅ Set (length: 16)
🔍 [DEBUG] Importing nodemailer...
🔍 [DEBUG] Creating Gmail SMTP transporter...
✅ Gmail SMTP configured successfully
📧 Email service ready: gianmarioiamoni1@gmail.com
✅ Email sent successfully
📧 To: [ 'gianmarioiamoni1@gmail.com' ]
📧 Subject: [AI Knowledge Companion] 🛠️ Supporto Tecnico: Prova form
📧 Message ID: <d0789126-3d7f-e677-6767-ad2f947d89ce@gmail.com>
✅ Email sent successfully
📧 To: [ 'gia.iamoni@tiscali.it' ]
📧 Subject: Messaggio ricevuto - AI Knowledge Companion
📧 Message ID: <bcbb922b-d090-4c06-328d-34218ce6d5c6@gmail.com>
📊 Rate limit: gia.iamoni@tiscali.it - 1/5 used
📝 Contact submission: {"type":"contact_form_submission","email":"gia.iamoni@tiscali.it","category":"support","isAuthenticated":true,"emailSent":true,"timestamp":"2025-11-14T17:05:03.998Z"}
 POST /api/contact 200 in 3073ms
 ✓ Compiled in 397ms (1552 modules)
 GET /en/contact 200 in 199ms
 ✓ Compiled /manifest.webmanifest in 106ms (939 modules)
 GET /manifest.webmanifest 200 in 149ms
 ✓ Compiled in 184ms (632 modules)
 GET /en/contact 200 in 117ms
 GET /manifest.webmanifest 200 in 19ms
 ✓ Compiled in 573ms (1571 modules)
 ✓ Compiled /_not-found in 274ms (921 modules)
 ⨯ Error: Cannot find module './4439.js'
Require stack:
- /Users/gianmarioiamoni/PROGRAMMAZIONE/Projects/ai-knowledge-companion/.next/server/webpack-runtime.js
- /Users/gianmarioiamoni/PROGRAMMAZIONE/Projects/ai-knowledge-companion/.next/server/app/_not-found/page.js
- /Users/gianmarioiamoni/PROGRAMMAZIONE/Projects/ai-knowledge-companion/node_modules/.pnpm/next@15.5.4_@babel+core@7.28.4_@playwright+test@1.56.1_react-dom@19.1.0_react@19.1.0__react@19.1.0/node_modules/next/dist/server/require.js
- /Users/gianmarioiamoni/PROGRAMMAZIONE/Projects/ai-knowledge-companion/node_modules/.pnpm/next@15.5.4_@babel+core@7.28.4_@playwright+test@1.56.1_react-dom@19.1.0_react@19.1.0__react@19.1.0/node_modules/next/dist/server/load-components.js
- /Users/gianmarioiamoni/PROGRAMMAZIONE/Projects/ai-knowledge-companion/node_modules/.pnpm/next@15.5.4_@babel+core@7.28.4_@playwright+test@1.56.1_react-dom@19.1.0_react@19.1.0__react@19.1.0/node_modules/next/dist/build/utils.js
- /Users/gianmarioiamoni/PROGRAMMAZIONE/Projects/ai-knowledge-companion/node_modules/.pnpm/next@15.5.4_@babel+core@7.28.4_@playwright+test@1.56.1_react-dom@19.1.0_react@19.1.0__react@19.1.0/node_modules/next/dist/build/swc/options.js
- /Users/gianmarioiamoni/PROGRAMMAZIONE/Projects/ai-knowledge-companion/node_modules/.pnpm/next@15.5.4_@babel+core@7.28.4_@playwright+test@1.56.1_react-dom@19.1.0_react@19.1.0__react@19.1.0/node_modules/next/dist/build/swc/index.js
- /Users/gianmarioiamoni/PROGRAMMAZIONE/Projects/ai-knowledge-companion/node_modules/.pnpm/next@15.5.4_@babel+core@7.28.4_@playwright+test@1.56.1_react-dom@19.1.0_react@19.1.0__react@19.1.0/node_modules/next/dist/build/next-config-ts/transpile-config.js
- /Users/gianmarioiamoni/PROGRAMMAZIONE/Projects/ai-knowledge-companion/node_modules/.pnpm/next@15.5.4_@babel+core@7.28.4_@playwright+test@1.56.1_react-dom@19.1.0_react@19.1.0__react@19.1.0/node_modules/next/dist/server/config.js
- /Users/gianmarioiamoni/PROGRAMMAZIONE/Projects/ai-knowledge-companion/node_modules/.pnpm/next@15.5.4_@babel+core@7.28.4_@playwright+test@1.56.1_react-dom@19.1.0_react@19.1.0__react@19.1.0/node_modules/next/dist/server/next.js
- /Users/gianmarioiamoni/PROGRAMMAZIONE/Projects/ai-knowledge-companion/node_modules/.pnpm/next@15.5.4_@babel+core@7.28.4_@playwright+test@1.56.1_react-dom@19.1.0_react@19.1.0__react@19.1.0/node_modules/next/dist/server/lib/start-server.js
    at <unknown> (.next/server/app/_not-found/page.js:2:8866)
    at Object.<anonymous> (.next/server/app/_not-found/page.js:2:8918) {
  code: 'MODULE_NOT_FOUND',
  requireStack: [Array]
}
 ○ Compiling /_error ...
 ✓ Compiled /_error in 800ms (1878 modules)
 GET / 500 in 3834ms
 ⨯ Error: Cannot find module './4439.js'
Require stack:
- /Users/gianmarioiamoni/PROGRAMMAZIONE/Projects/ai-knowledge-companion/.next/server/webpack-runtime.js
- /Users/gianmarioiamoni/PROGRAMMAZIONE/Projects/ai-knowledge-companion/.next/server/app/_not-found/page.js
- /Users/gianmarioiamoni/PROGRAMMAZIONE/Projects/ai-knowledge-companion/node_modules/.pnpm/next@15.5.4_@babel+core@7.28.4_@playwright+test@1.56.1_react-dom@19.1.0_react@19.1.0__react@19.1.0/node_modules/next/dist/server/require.js
- /Users/gianmarioiamoni/PROGRAMMAZIONE/Projects/ai-knowledge-companion/node_modules/.pnpm/next@15.5.4_@babel+core@7.28.4_@playwright+test@1.56.1_react-dom@19.1.0_react@19.1.0__react@19.1.0/node_modules/next/dist/server/load-components.js
- /Users/gianmarioiamoni/PROGRAMMAZIONE/Projects/ai-knowledge-companion/node_modules/.pnpm/next@15.5.4_@babel+core@7.28.4_@playwright+test@1.56.1_react-dom@19.1.0_react@19.1.0__react@19.1.0/node_modules/next/dist/build/utils.js
- /Users/gianmarioiamoni/PROGRAMMAZIONE/Projects/ai-knowledge-companion/node_modules/.pnpm/next@15.5.4_@babel+core@7.28.4_@playwright+test@1.56.1_react-dom@19.1.0_react@19.1.0__react@19.1.0/node_modules/next/dist/build/swc/options.js
- /Users/gianmarioiamoni/PROGRAMMAZIONE/Projects/ai-knowledge-companion/node_modules/.pnpm/next@15.5.4_@babel+core@7.28.4_@playwright+test@1.56.1_react-dom@19.1.0_react@19.1.0__react@19.1.0/node_modules/next/dist/build/swc/index.js
- /Users/gianmarioiamoni/PROGRAMMAZIONE/Projects/ai-knowledge-companion/node_modules/.pnpm/next@15.5.4_@babel+core@7.28.4_@playwright+test@1.56.1_react-dom@19.1.0_react@19.1.0__react@19.1.0/node_modules/next/dist/build/next-config-ts/transpile-config.js
- /Users/gianmarioiamoni/PROGRAMMAZIONE/Projects/ai-knowledge-companion/node_modules/.pnpm/next@15.5.4_@babel+core@7.28.4_@playwright+test@1.56.1_react-dom@19.1.0_react@19.1.0__react@19.1.0/node_modules/next/dist/server/config.js
- /Users/gianmarioiamoni/PROGRAMMAZIONE/Projects/ai-knowledge-companion/node_modules/.pnpm/next@15.5.4_@babel+core@7.28.4_@playwright+test@1.56.1_react-dom@19.1.0_react@19.1.0__react@19.1.0/node_modules/next/dist/server/next.js
- /Users/gianmarioiamoni/PROGRAMMAZIONE/Projects/ai-knowledge-companion/node_modules/.pnpm/next@15.5.4_@babel+core@7.28.4_@playwright+test@1.56.1_react-dom@19.1.0_react@19.1.0__react@19.1.0/node_modules/next/dist/server/lib/start-server.js
    at <unknown> (.next/server/app/_not-found/page.js:2:8866)
    at Object.<anonymous> (.next/server/app/_not-found/page.js:2:8918) {
  code: 'MODULE_NOT_FOUND',
  requireStack: [Array]
}
 GET / 500 in 19ms
 ⨯ Error: Cannot find module './4439.js'
Require stack:
- /Users/gianmarioiamoni/PROGRAMMAZIONE/Projects/ai-knowledge-companion/.next/server/webpack-runtime.js
- /Users/gianmarioiamoni/PROGRAMMAZIONE/Projects/ai-knowledge-companion/.next/server/app/_not-found/page.js
- /Users/gianmarioiamoni/PROGRAMMAZIONE/Projects/ai-knowledge-companion/node_modules/.pnpm/next@15.5.4_@babel+core@7.28.4_@playwright+test@1.56.1_react-dom@19.1.0_react@19.1.0__react@19.1.0/node_modules/next/dist/server/require.js
- /Users/gianmarioiamoni/PROGRAMMAZIONE/Projects/ai-knowledge-companion/node_modules/.pnpm/next@15.5.4_@babel+core@7.28.4_@playwright+test@1.56.1_react-dom@19.1.0_react@19.1.0__react@19.1.0/node_modules/next/dist/server/load-components.js
- /Users/gianmarioiamoni/PROGRAMMAZIONE/Projects/ai-knowledge-companion/node_modules/.pnpm/next@15.5.4_@babel+core@7.28.4_@playwright+test@1.56.1_react-dom@19.1.0_react@19.1.0__react@19.1.0/node_modules/next/dist/build/utils.js
- /Users/gianmarioiamoni/PROGRAMMAZIONE/Projects/ai-knowledge-companion/node_modules/.pnpm/next@15.5.4_@babel+core@7.28.4_@playwright+test@1.56.1_react-dom@19.1.0_react@19.1.0__react@19.1.0/node_modules/next/dist/build/swc/options.js
- /Users/gianmarioiamoni/PROGRAMMAZIONE/Projects/ai-knowledge-companion/node_modules/.pnpm/next@15.5.4_@babel+core@7.28.4_@playwright+test@1.56.1_react-dom@19.1.0_react@19.1.0__react@19.1.0/node_modules/next/dist/build/swc/index.js
- /Users/gianmarioiamoni/PROGRAMMAZIONE/Projects/ai-knowledge-companion/node_modules/.pnpm/next@15.5.4_@babel+core@7.28.4_@playwright+test@1.56.1_react-dom@19.1.0_react@19.1.0__react@19.1.0/node_modules/next/dist/build/next-config-ts/transpile-config.js
- /Users/gianmarioiamoni/PROGRAMMAZIONE/Projects/ai-knowledge-companion/node_modules/.pnpm/next@15.5.4_@babel+core@7.28.4_@playwright+test@1.56.1_react-dom@19.1.0_react@19.1.0__react@19.1.0/node_modules/next/dist/server/config.js
- /Users/gianmarioiamoni/PROGRAMMAZIONE/Projects/ai-knowledge-companion/node_modules/.pnpm/next@15.5.4_@babel+core@7.28.4_@playwright+test@1.56.1_react-dom@19.1.0_react@19.1.0__react@19.1.0/node_modules/next/dist/server/next.js
- /Users/gianmarioiamoni/PROGRAMMAZIONE/Projects/ai-knowledge-companion/node_modules/.pnpm/next@15.5.4_@babel+core@7.28.4_@playwright+test@1.56.1_react-dom@19.1.0_react@19.1.0__react@19.1.0/node_modules/next/dist/server/lib/start-server.js
    at <unknown> (.next/server/app/_not-found/page.js:2:8866)
    at Object.<anonymous> (.next/server/app/_not-found/page.js:2:8918) {
  code: 'MODULE_NOT_FOUND',
  requireStack: [Array]
}
 GET / 500 in 26ms
 ✓ Compiled /favicon.ico in 140ms (1126 modules)
 GET /favicon.ico 200 in 235ms
 ⨯ Error: Cannot find module './4439.js'
Require stack:
- /Users/gianmarioiamoni/PROGRAMMAZIONE/Projects/ai-knowledge-companion/.next/server/webpack-runtime.js
- /Users/gianmarioiamoni/PROGRAMMAZIONE/Projects/ai-knowledge-companion/.next/server/app/favicon.ico/route.js
- /Users/gianmarioiamoni/PROGRAMMAZIONE/Projects/ai-knowledge-companion/node_modules/.pnpm/next@15.5.4_@babel+core@7.28.4_@playwright+test@1.56.1_react-dom@19.1.0_react@19.1.0__react@19.1.0/node_modules/next/dist/server/require.js
- /Users/gianmarioiamoni/PROGRAMMAZIONE/Projects/ai-knowledge-companion/node_modules/.pnpm/next@15.5.4_@babel+core@7.28.4_@playwright+test@1.56.1_react-dom@19.1.0_react@19.1.0__react@19.1.0/node_modules/next/dist/server/load-components.js
- /Users/gianmarioiamoni/PROGRAMMAZIONE/Projects/ai-knowledge-companion/node_modules/.pnpm/next@15.5.4_@babel+core@7.28.4_@playwright+test@1.56.1_react-dom@19.1.0_react@19.1.0__react@19.1.0/node_modules/next/dist/build/utils.js
- /Users/gianmarioiamoni/PROGRAMMAZIONE/Projects/ai-knowledge-companion/node_modules/.pnpm/next@15.5.4_@babel+core@7.28.4_@playwright+test@1.56.1_react-dom@19.1.0_react@19.1.0__react@19.1.0/node_modules/next/dist/build/swc/options.js
- /Users/gianmarioiamoni/PROGRAMMAZIONE/Projects/ai-knowledge-companion/node_modules/.pnpm/next@15.5.4_@babel+core@7.28.4_@playwright+test@1.56.1_react-dom@19.1.0_react@19.1.0__react@19.1.0/node_modules/next/dist/build/swc/index.js
- /Users/gianmarioiamoni/PROGRAMMAZIONE/Projects/ai-knowledge-companion/node_modules/.pnpm/next@15.5.4_@babel+core@7.28.4_@playwright+test@1.56.1_react-dom@19.1.0_react@19.1.0__react@19.1.0/node_modules/next/dist/build/next-config-ts/transpile-config.js
- /Users/gianmarioiamoni/PROGRAMMAZIONE/Projects/ai-knowledge-companion/node_modules/.pnpm/next@15.5.4_@babel+core@7.28.4_@playwright+test@1.56.1_react-dom@19.1.0_react@19.1.0__react@19.1.0/node_modules/next/dist/server/config.js
- /Users/gianmarioiamoni/PROGRAMMAZIONE/Projects/ai-knowledge-companion/node_modules/.pnpm/next@15.5.4_@babel+core@7.28.4_@playwright+test@1.56.1_react-dom@19.1.0_react@19.1.0__react@19.1.0/node_modules/next/dist/server/next.js
- /Users/gianmarioiamoni/PROGRAMMAZIONE/Projects/ai-knowledge-companion/node_modules/.pnpm/next@15.5.4_@babel+core@7.28.4_@playwright+test@1.56.1_react-dom@19.1.0_react@19.1.0__react@19.1.0/node_modules/next/dist/server/lib/start-server.js
    at <unknown> (.next/server/app/_not-found/page.js:2:8866)
    at Object.<anonymous> (.next/server/app/_not-found/page.js:2:8918) {
  code: 'MODULE_NOT_FOUND',
  requireStack: [Array]
}
 GET / 500 in 19ms
 GET /favicon.ico 200 in 23ms
 ✓ Compiled in 1873ms (1891 modules)
 ✓ Compiled in 540ms (1891 modules)
 ✓ Compiled in 544ms (1891 modules)
 ✓ Compiled in 641ms (1891 modules)
 ✓ Compiled in 459ms (1891 modules)
 ✓ Compiled in 2.2s (1891 modules)
 ✓ Compiled in 641ms (1891 modules)
 ✓ Compiled in 673ms (1891 modules)
 ✓ Compiled in 600ms (1891 modules)
 ✓ Compiled in 488ms (1891 modules)
 ✓ Compiled in 719ms (1891 modules)
 ✓ Compiled in 582ms (1893 modules)
 ✓ Compiled in 654ms (1893 modules)
 ✓ Compiled in 600ms (1893 modules)
 ✓ Compiled in 553ms (1893 modules)
 ✓ Compiled in 690ms (1893 modules)
 ✓ Compiled in 686ms (1893 modules)
 ✓ Compiled in 574ms (1893 modules)
 ✓ Compiled in 2.1s (1893 modules)
 ✓ Compiled in 864ms (1893 modules)
 ✓ Compiled in 575ms (1893 modules)
 ✓ Compiled in 865ms (1893 modules)
 ✓ Compiled in 484ms (1893 modules)
 ✓ Compiled in 553ms (1893 modules)
 ✓ Compiled in 2.1s (1893 modules)
 ✓ Compiled in 887ms (1893 modules)
 ✓ Compiled in 697ms (1893 modules)
 ✓ Compiled in 2s (1893 modules)
 ✓ Compiled in 400ms (1893 modules)
 ✓ Compiled in 435ms (784 modules)
 ✓ Compiled in 210ms (784 modules)
🧹 Rate limiter cleanup: removed 1 expired entries
 ✓ Compiled in 1109ms (784 modules)
 ✓ Compiled in 335ms (784 modules)
 ✓ Compiled in 208ms (784 modules)
 ✓ Compiled in 204ms (784 modules)
 ✓ Compiled in 215ms (784 modules)
 ✓ Compiled in 112ms (784 modules)
 ✓ Compiled in 215ms (784 modules)
 ✓ Compiled in 123ms (784 modules)
 ✓ Compiled /_not-found in 209ms (1110 modules)
 ⨯ Error: ENOENT: no such file or directory, open '/Users/gianmarioiamoni/PROGRAMMAZIONE/Projects/ai-knowledge-companion/.next/server/vendor-chunks/next@15.5.4_@babel+core@7.28.4_@playwright+test@1.56.1_react-dom@19.1.0_react@19.1.0__react@19.1.0.js'
    at <unknown> (.next/server/app/_not-found/page.js:269:47)
    at Object.<anonymous> (.next/server/app/_not-found/page.js:272:3) {
  errno: -2,
  code: 'ENOENT',
  syscall: 'open',
  path: '/Users/gianmarioiamoni/PROGRAMMAZIONE/Projects/ai-knowledge-companion/.next/server/vendor-chunks/next@15.5.4_@babel+core@7.28.4_@playwright+test@1.56.1_react-dom@19.1.0_react@19.1.0__react@19.1.0.js'
}
[TypeError: Cannot read properties of undefined (reading '/_app')]
 ⨯ [TypeError: Cannot read properties of undefined (reading '/_app')]
[TypeError: Cannot read properties of undefined (reading '/_app')]
 ⨯ Error: Cannot find module './7671.js'
Require stack:
- /Users/gianmarioiamoni/PROGRAMMAZIONE/Projects/ai-knowledge-companion/.next/server/webpack-runtime.js
- /Users/gianmarioiamoni/PROGRAMMAZIONE/Projects/ai-knowledge-companion/.next/server/app/_not-found/page.js
- /Users/gianmarioiamoni/PROGRAMMAZIONE/Projects/ai-knowledge-companion/node_modules/.pnpm/next@15.5.4_@babel+core@7.28.4_@playwright+test@1.56.1_react-dom@19.1.0_react@19.1.0__react@19.1.0/node_modules/next/dist/server/require.js
- /Users/gianmarioiamoni/PROGRAMMAZIONE/Projects/ai-knowledge-companion/node_modules/.pnpm/next@15.5.4_@babel+core@7.28.4_@playwright+test@1.56.1_react-dom@19.1.0_react@19.1.0__react@19.1.0/node_modules/next/dist/server/load-components.js
- /Users/gianmarioiamoni/PROGRAMMAZIONE/Projects/ai-knowledge-companion/node_modules/.pnpm/next@15.5.4_@babel+core@7.28.4_@playwright+test@1.56.1_react-dom@19.1.0_react@19.1.0__react@19.1.0/node_modules/next/dist/build/utils.js
- /Users/gianmarioiamoni/PROGRAMMAZIONE/Projects/ai-knowledge-companion/node_modules/.pnpm/next@15.5.4_@babel+core@7.28.4_@playwright+test@1.56.1_react-dom@19.1.0_react@19.1.0__react@19.1.0/node_modules/next/dist/build/swc/options.js
- /Users/gianmarioiamoni/PROGRAMMAZIONE/Projects/ai-knowledge-companion/node_modules/.pnpm/next@15.5.4_@babel+core@7.28.4_@playwright+test@1.56.1_react-dom@19.1.0_react@19.1.0__react@19.1.0/node_modules/next/dist/build/swc/index.js
- /Users/gianmarioiamoni/PROGRAMMAZIONE/Projects/ai-knowledge-companion/node_modules/.pnpm/next@15.5.4_@babel+core@7.28.4_@playwright+test@1.56.1_react-dom@19.1.0_react@19.1.0__react@19.1.0/node_modules/next/dist/build/next-config-ts/transpile-config.js
- /Users/gianmarioiamoni/PROGRAMMAZIONE/Projects/ai-knowledge-companion/node_modules/.pnpm/next@15.5.4_@babel+core@7.28.4_@playwright+test@1.56.1_react-dom@19.1.0_react@19.1.0__react@19.1.0/node_modules/next/dist/server/config.js
- /Users/gianmarioiamoni/PROGRAMMAZIONE/Projects/ai-knowledge-companion/node_modules/.pnpm/next@15.5.4_@babel+core@7.28.4_@playwright+test@1.56.1_react-dom@19.1.0_react@19.1.0__react@19.1.0/node_modules/next/dist/server/next.js
- /Users/gianmarioiamoni/PROGRAMMAZIONE/Projects/ai-knowledge-companion/node_modules/.pnpm/next@15.5.4_@babel+core@7.28.4_@playwright+test@1.56.1_react-dom@19.1.0_react@19.1.0__react@19.1.0/node_modules/next/dist/server/lib/start-server.js
    at <unknown> (.next/server/pages/_document.js:1:327)
    at Object.<anonymous> (.next/server/pages/_document.js:1:374) {
  code: 'MODULE_NOT_FOUND',
  requireStack: [Array]
}
[TypeError: Cannot read properties of undefined (reading '/_app')]
 ⨯ [TypeError: Cannot read properties of undefined (reading '/_app')]
[TypeError: Cannot read properties of undefined (reading '/_app')]
 GET / 500 in 301ms
 GET / 500 in 20ms
 ○ Compiling /api/multimedia/worker ...
 ✓ Compiled /api/multimedia/worker in 930ms (2136 modules)
 GET /api/multimedia/worker 200 in 2296ms
 ✓ Compiled in 545ms (1893 modules)
 ✓ Compiled in 390ms (1893 modules)
 ✓ Compiled in 456ms (1895 modules)
 ✓ Compiled in 192ms (785 modules)
 ✓ Compiled in 104ms (785 modules)
 ✓ Compiled in 239ms (785 modules)
 ✓ Compiled in 484ms (1895 modules)
 ✓ Compiled in 394ms (1895 modules)
 ✓ Compiled in 353ms (1895 modules)
 ✓ Compiled in 314ms (1895 modules)
 ✓ Compiled in 416ms (1895 modules)
 ✓ Compiled in 428ms (1895 modules)
 ✓ Compiled in 340ms (1895 modules)
 ✓ Compiled in 413ms (1895 modules)
 ✓ Compiled in 419ms (1895 modules)
 ✓ Compiled in 440ms (1895 modules)
 ✓ Compiled in 220ms (785 modules)
 ✓ Compiled in 550ms (1895 modules)
 ✓ Compiled in 226ms (785 modules)
 ✓ Compiled in 136ms (785 modules)
 ✓ Compiled in 247ms (785 modules)
 ✓ Compiled in 106ms (785 modules)
 ✓ Compiled in 1083ms (1895 modules)
 ✓ Compiled in 422ms (1895 modules)
 ✓ Compiled in 288ms (785 modules)
 ✓ Compiled in 244ms (785 modules)
 ✓ Compiled in 197ms (785 modules)
 ✓ Compiled in 225ms (785 modules)
 ✓ Compiled in 210ms (785 modules)
 ✓ Compiled in 185ms (785 modules)
 ✓ Compiled in 123ms (785 modules)
 ✓ Compiled in 219ms (785 modules)
 ✓ Compiled in 107ms (785 modules)
 ✓ Compiled in 221ms (785 modules)
 ✓ Compiled in 109ms (785 modules)
 ✓ Compiled in 236ms (785 modules)
 ✓ Compiled in 106ms (785 modules)
 ✓ Compiled in 115ms (785 modules)
 ✓ Compiled in 99ms (785 modules)
 ✓ Compiled in 165ms (785 modules)
 ✓ Compiled in 110ms (785 modules)
 ✓ Compiled in 242ms (785 modules)
 ✓ Compiled in 105ms (785 modules)
 ✓ Compiled in 137ms (785 modules)
 ✓ Compiled in 210ms (785 modules)
 ✓ Compiled in 199ms (785 modules)
 ✓ Compiled in 113ms (785 modules)
 ✓ Compiled in 180ms (785 modules)
 ✓ Compiled in 99ms (785 modules)
 ✓ Compiled in 236ms (785 modules)
 ✓ Compiled in 120ms (785 modules)
 ✓ Compiled in 201ms (785 modules)
 ✓ Compiled in 106ms (785 modules)
 ✓ Compiled in 208ms (785 modules)
 ✓ Compiled in 111ms (785 modules)
 ✓ Compiled in 177ms (785 modules)
 ✓ Compiled in 101ms (785 modules)
 ✓ Compiled in 209ms (785 modules)
 ✓ Compiled in 111ms (785 modules)
 ✓ Compiled in 344ms (785 modules)
 ✓ Compiled in 199ms (785 modules)
 ✓ Compiled in 188ms (785 modules)
 ✓ Compiled in 264ms (785 modules)
 ✓ Compiled in 199ms (785 modules)
 ✓ Compiled in 1251ms (1895 modules)
 ✓ Compiled in 1093ms (1895 modules)
 ✓ Compiled in 281ms (785 modules)
 ✓ Compiled in 122ms (785 modules)
 ✓ Compiled in 206ms (785 modules)
 ✓ Compiled in 259ms (785 modules)
 ✓ Compiled in 1252ms (785 modules)
 ✓ Compiled in 1012ms (785 modules)
 ✓ Compiled in 219ms (785 modules)
 ✓ Compiled in 112ms (785 modules)
 ✓ Compiled in 172ms (785 modules)
 ✓ Compiled in 97ms (785 modules)
 ✓ Compiled in 152ms (785 modules)
 ✓ Compiled in 112ms (785 modules)
 ✓ Compiled in 176ms (785 modules)
 ✓ Compiled in 107ms (785 modules)
 ✓ Compiled in 214ms (785 modules)
 ✓ Compiled in 101ms (785 modules)
 ✓ Compiled in 193ms (785 modules)
 ✓ Compiled in 113ms (785 modules)
 ✓ Compiled in 265ms (785 modules)
 ✓ Compiled in 106ms (785 modules)
 ✓ Compiled in 296ms (785 modules)
 ✓ Compiled in 256ms (785 modules)
